<?xml version="1.0" encoding="UTF-8"?>
<!-- Generated by org.testng.reporters.JUnitReportReporter -->
<testsuite hostname="DESKTOP-KHVMP4M" name="Adv1CucumberFramework.Runners.Runner2" tests="1" failures="0" timestamp="4 May 2019 23:32:44 GMT" time="7.671" errors="0">
  <testcase name="feature" time="7.671" classname="Adv1CucumberFramework.Runners.Runner2"/>
</testsuite> <!-- Adv1CucumberFramework.Runners.Runner2 -->
