<?xml version="1.0" encoding="UTF-8"?>
<!-- Generated by org.testng.reporters.JUnitReportReporter -->
<testsuite hostname="DESKTOP-KHVMP4M" name="Adv1CucumberFramework.Runners.Runner2" tests="1" failures="0" timestamp="30 Apr 2019 22:24:02 GMT" time="7.201" errors="0">
  <testcase name="feature" time="7.201" classname="Adv1CucumberFramework.Runners.Runner2"/>
</testsuite> <!-- Adv1CucumberFramework.Runners.Runner2 -->
